(base) mario@NBM-LNX:~/1_study/repository/2020_s_fm_7zip-bzip2$ ./experiments_on_samples.sh 
Running experiments on: 
sample_config sample_enwik8 sample_image-data sample_music sample_vid.mp4

Running experiment for sample_config...
Repeating measurement 70 times...
Using 7z as algorithm...
Using sample_config as input...
Creating temp dir...
Running compression...
Repetition 0...
Repetition 1...
Repetition 2...
Repetition 3...
Repetition 4...
Repetition 5...
Repetition 6...
Repetition 7...
Repetition 8...
Repetition 9...
Repetition 10...
Repetition 11...
Repetition 12...
Repetition 13...
Repetition 14...
Repetition 15...
Repetition 16...
Repetition 17...
Repetition 18...
Repetition 19...
Repetition 20...
Repetition 21...
Repetition 22...
Repetition 23...
Repetition 24...
Repetition 25...
Repetition 26...
Repetition 27...
Repetition 28...
Repetition 29...
Repetition 30...
Repetition 31...
Repetition 32...
Repetition 33...
Repetition 34...
Repetition 35...
Repetition 36...
Repetition 37...
Repetition 38...
Repetition 39...
Repetition 40...
Repetition 41...
Repetition 42...
Repetition 43...
Repetition 44...
Repetition 45...
Repetition 46...
Repetition 47...
Repetition 48...
Repetition 49...
Repetition 50...
Repetition 51...
Repetition 52...
Repetition 53...
Repetition 54...
Repetition 55...
Repetition 56...
Repetition 57...
Repetition 58...
Repetition 59...
Repetition 60...
Repetition 61...
Repetition 62...
Repetition 63...
Repetition 64...
Repetition 65...
Repetition 66...
Repetition 67...
Repetition 68...
Repetition 69...
Running decompression...
Repetition 0...
Repetition 1...
Repetition 2...
Repetition 3...
Repetition 4...
Repetition 5...
Repetition 6...
Repetition 7...
Repetition 8...
Repetition 9...
Repetition 10...
Repetition 11...
Repetition 12...
Repetition 13...
Repetition 14...
Repetition 15...
Repetition 16...
Repetition 17...
Repetition 18...
Repetition 19...
Repetition 20...
Repetition 21...
Repetition 22...
Repetition 23...
Repetition 24...
Repetition 25...
Repetition 26...
Repetition 27...
Repetition 28...
Repetition 29...
Repetition 30...
Repetition 31...
Repetition 32...
Repetition 33...
Repetition 34...
Repetition 35...
Repetition 36...
Repetition 37...
Repetition 38...
Repetition 39...
Repetition 40...
Repetition 41...
Repetition 42...
Repetition 43...
Repetition 44...
Repetition 45...
Repetition 46...
Repetition 47...
Repetition 48...
Repetition 49...
Repetition 50...
Repetition 51...
Repetition 52...
Repetition 53...
Repetition 54...
Repetition 55...
Repetition 56...
Repetition 57...
Repetition 58...
Repetition 59...
Repetition 60...
Repetition 61...
Repetition 62...
Repetition 63...
Repetition 64...
Repetition 65...
Repetition 66...
Repetition 67...
Repetition 68...
Repetition 69...
Running file size comparison...
Repetition 0...
Repetition 1...
Repetition 2...
Repetition 3...
Repetition 4...
Repetition 5...
Repetition 6...
Repetition 7...
Repetition 8...
Repetition 9...
Repetition 10...
Repetition 11...
Repetition 12...
Repetition 13...
Repetition 14...
Repetition 15...
Repetition 16...
Repetition 17...
Repetition 18...
Repetition 19...
Repetition 20...
Repetition 21...
Repetition 22...
Repetition 23...
Repetition 24...
Repetition 25...
Repetition 26...
Repetition 27...
Repetition 28...
Repetition 29...
Repetition 30...
Repetition 31...
Repetition 32...
Repetition 33...
Repetition 34...
Repetition 35...
Repetition 36...
Repetition 37...
Repetition 38...
Repetition 39...
Repetition 40...
Repetition 41...
Repetition 42...
Repetition 43...
Repetition 44...
Repetition 45...
Repetition 46...
Repetition 47...
Repetition 48...
Repetition 49...
Repetition 50...
Repetition 51...
Repetition 52...
Repetition 53...
Repetition 54...
Repetition 55...
Repetition 56...
Repetition 57...
Repetition 58...
Repetition 59...
Repetition 60...
Repetition 61...
Repetition 62...
Repetition 63...
Repetition 64...
Repetition 65...
Repetition 66...
Repetition 67...
Repetition 68...
Repetition 69...
Experiment finished.
Repeating measurement 70 times...
Using bzip2 as algorithm...
Using sample_config as input...
Creating temp dir...
Running compression...
Repetition 0...
Repetition 1...
Repetition 2...
Repetition 3...
Repetition 4...
Repetition 5...
Repetition 6...
Repetition 7...
Repetition 8...
Repetition 9...
Repetition 10...
Repetition 11...
Repetition 12...
Repetition 13...
Repetition 14...
Repetition 15...
Repetition 16...
Repetition 17...
Repetition 18...
Repetition 19...
Repetition 20...
Repetition 21...
Repetition 22...
Repetition 23...
Repetition 24...
Repetition 25...
Repetition 26...
Repetition 27...
Repetition 28...
Repetition 29...
Repetition 30...
Repetition 31...
Repetition 32...
Repetition 33...
Repetition 34...
Repetition 35...
Repetition 36...
Repetition 37...
Repetition 38...
Repetition 39...
Repetition 40...
Repetition 41...
Repetition 42...
Repetition 43...
Repetition 44...
Repetition 45...
Repetition 46...
Repetition 47...
Repetition 48...
Repetition 49...
Repetition 50...
Repetition 51...
Repetition 52...
Repetition 53...
Repetition 54...
Repetition 55...
Repetition 56...
Repetition 57...
Repetition 58...
Repetition 59...
Repetition 60...
Repetition 61...
Repetition 62...
Repetition 63...
Repetition 64...
Repetition 65...
Repetition 66...
Repetition 67...
Repetition 68...
Repetition 69...
Running decompression...
Repetition 0...
Repetition 1...
Repetition 2...
Repetition 3...
Repetition 4...
Repetition 5...
Repetition 6...
Repetition 7...
Repetition 8...
Repetition 9...
Repetition 10...
Repetition 11...
Repetition 12...
Repetition 13...
Repetition 14...
Repetition 15...
Repetition 16...
Repetition 17...
Repetition 18...
Repetition 19...
Repetition 20...
Repetition 21...
Repetition 22...
Repetition 23...
Repetition 24...
Repetition 25...
Repetition 26...
Repetition 27...
Repetition 28...
Repetition 29...
Repetition 30...
Repetition 31...
Repetition 32...
Repetition 33...
Repetition 34...
Repetition 35...
Repetition 36...
Repetition 37...
Repetition 38...
Repetition 39...
Repetition 40...
Repetition 41...
Repetition 42...
Repetition 43...
Repetition 44...
Repetition 45...
Repetition 46...
Repetition 47...
Repetition 48...
Repetition 49...
Repetition 50...
Repetition 51...
Repetition 52...
Repetition 53...
Repetition 54...
Repetition 55...
Repetition 56...
Repetition 57...
Repetition 58...
Repetition 59...
Repetition 60...
Repetition 61...
Repetition 62...
Repetition 63...
Repetition 64...
Repetition 65...
Repetition 66...
Repetition 67...
Repetition 68...
Repetition 69...
Running file size comparison...
Repetition 0...
Repetition 1...
Repetition 2...
Repetition 3...
Repetition 4...
Repetition 5...
Repetition 6...
Repetition 7...
Repetition 8...
Repetition 9...
Repetition 10...
Repetition 11...
Repetition 12...
Repetition 13...
Repetition 14...
Repetition 15...
Repetition 16...
Repetition 17...
Repetition 18...
Repetition 19...
Repetition 20...
Repetition 21...
Repetition 22...
Repetition 23...
Repetition 24...
Repetition 25...
Repetition 26...
Repetition 27...
Repetition 28...
Repetition 29...
Repetition 30...
Repetition 31...
Repetition 32...
Repetition 33...
Repetition 34...
Repetition 35...
Repetition 36...
Repetition 37...
Repetition 38...
Repetition 39...
Repetition 40...
Repetition 41...
Repetition 42...
Repetition 43...
Repetition 44...
Repetition 45...
Repetition 46...
Repetition 47...
Repetition 48...
Repetition 49...
Repetition 50...
Repetition 51...
Repetition 52...
Repetition 53...
Repetition 54...
Repetition 55...
Repetition 56...
Repetition 57...
Repetition 58...
Repetition 59...
Repetition 60...
Repetition 61...
Repetition 62...
Repetition 63...
Repetition 64...
Repetition 65...
Repetition 66...
Repetition 67...
Repetition 68...
Repetition 69...
Experiment finished.
Experiment for sample_config finished.
Running experiment for sample_enwik8...
Repeating measurement 70 times...
Using 7z as algorithm...
Using sample_enwik8 as input...
Creating temp dir...
Running compression...
Repetition 0...
Repetition 1...
Repetition 2...
Repetition 3...
Repetition 4...
Repetition 5...
Repetition 6...
Repetition 7...
Repetition 8...
Repetition 9...
Repetition 10...
Repetition 11...
Repetition 12...
Repetition 13...
Repetition 14...
Repetition 15...
Repetition 16...
Repetition 17...
Repetition 18...
Repetition 19...
Repetition 20...
Repetition 21...
Repetition 22...
Repetition 23...
Repetition 24...
Repetition 25...
Repetition 26...
Repetition 27...
Repetition 28...
Repetition 29...
Repetition 30...
Repetition 31...
Repetition 32...
Repetition 33...
Repetition 34...
Repetition 35...
Repetition 36...
Repetition 37...
Repetition 38...
Repetition 39...
Repetition 40...
Repetition 41...
Repetition 42...
Repetition 43...
Repetition 44...
Repetition 45...
Repetition 46...
Repetition 47...
Repetition 48...
Repetition 49...
Repetition 50...
Repetition 51...
Repetition 52...
Repetition 53...
Repetition 54...
Repetition 55...
Repetition 56...
Repetition 57...
Repetition 58...
Repetition 59...
Repetition 60...
Repetition 61...
Repetition 62...
Repetition 63...
Repetition 64...
Repetition 65...
Repetition 66...
Repetition 67...
Repetition 68...
Repetition 69...
Running decompression...
Repetition 0...
Repetition 1...
Repetition 2...
Repetition 3...
Repetition 4...
Repetition 5...
Repetition 6...
Repetition 7...
Repetition 8...
Repetition 9...
Repetition 10...
Repetition 11...
Repetition 12...
Repetition 13...
Repetition 14...
Repetition 15...
Repetition 16...
Repetition 17...
Repetition 18...
Repetition 19...
Repetition 20...
Repetition 21...
Repetition 22...
Repetition 23...
Repetition 24...
Repetition 25...
Repetition 26...
Repetition 27...
Repetition 28...
Repetition 29...
Repetition 30...
Repetition 31...
Repetition 32...
Repetition 33...
Repetition 34...
Repetition 35...
Repetition 36...
Repetition 37...
Repetition 38...
Repetition 39...
Repetition 40...
Repetition 41...
Repetition 42...
Repetition 43...
Repetition 44...
Repetition 45...
Repetition 46...
Repetition 47...
Repetition 48...
Repetition 49...
Repetition 50...
Repetition 51...
Repetition 52...
Repetition 53...
Repetition 54...
Repetition 55...
Repetition 56...
Repetition 57...
Repetition 58...
Repetition 59...
Repetition 60...
Repetition 61...
Repetition 62...
Repetition 63...
Repetition 64...
Repetition 65...
Repetition 66...
Repetition 67...
Repetition 68...
Repetition 69...
Running file size comparison...
Repetition 0...
Repetition 1...
Repetition 2...
Repetition 3...
Repetition 4...
Repetition 5...
Repetition 6...
Repetition 7...
Repetition 8...
Repetition 9...
Repetition 10...
Repetition 11...
Repetition 12...
Repetition 13...
Repetition 14...
Repetition 15...
Repetition 16...
Repetition 17...
Repetition 18...
Repetition 19...
Repetition 20...
Repetition 21...
Repetition 22...
Repetition 23...
Repetition 24...
Repetition 25...
Repetition 26...
Repetition 27...
Repetition 28...
Repetition 29...
Repetition 30...
Repetition 31...
Repetition 32...
Repetition 33...
Repetition 34...
Repetition 35...
Repetition 36...
Repetition 37...
Repetition 38...
Repetition 39...
Repetition 40...
Repetition 41...
Repetition 42...
Repetition 43...
Repetition 44...
Repetition 45...
Repetition 46...
Repetition 47...
Repetition 48...
Repetition 49...
Repetition 50...
Repetition 51...
Repetition 52...
Repetition 53...
Repetition 54...
Repetition 55...
Repetition 56...
Repetition 57...
Repetition 58...
Repetition 59...
Repetition 60...
Repetition 61...
Repetition 62...
Repetition 63...
Repetition 64...
Repetition 65...
Repetition 66...
Repetition 67...
Repetition 68...
Repetition 69...
Experiment finished.
Repeating measurement 70 times...
Using bzip2 as algorithm...
Using sample_enwik8 as input...
Creating temp dir...
Running compression...
Repetition 0...
Repetition 1...
Repetition 2...
Repetition 3...
Repetition 4...
Repetition 5...
Repetition 6...
Repetition 7...
Repetition 8...
Repetition 9...
Repetition 10...
Repetition 11...
Repetition 12...
Repetition 13...
Repetition 14...
Repetition 15...
Repetition 16...
Repetition 17...
Repetition 18...
Repetition 19...
Repetition 20...
Repetition 21...
Repetition 22...
Repetition 23...
Repetition 24...
Repetition 25...
Repetition 26...
Repetition 27...
Repetition 28...
Repetition 29...
Repetition 30...
Repetition 31...
Repetition 32...
Repetition 33...
Repetition 34...
Repetition 35...
Repetition 36...
Repetition 37...
Repetition 38...
Repetition 39...
Repetition 40...
Repetition 41...
Repetition 42...
Repetition 43...
Repetition 44...
Repetition 45...
Repetition 46...
Repetition 47...
Repetition 48...
Repetition 49...
Repetition 50...
Repetition 51...
Repetition 52...
Repetition 53...
Repetition 54...
Repetition 55...
Repetition 56...
Repetition 57...
Repetition 58...
Repetition 59...
Repetition 60...
Repetition 61...
Repetition 62...
Repetition 63...
Repetition 64...
Repetition 65...
Repetition 66...
Repetition 67...
Repetition 68...
Repetition 69...
Running decompression...
Repetition 0...
Repetition 1...
Repetition 2...
Repetition 3...
Repetition 4...
Repetition 5...
Repetition 6...
Repetition 7...
Repetition 8...
Repetition 9...
Repetition 10...
Repetition 11...
Repetition 12...
Repetition 13...
Repetition 14...
Repetition 15...
Repetition 16...
Repetition 17...
Repetition 18...
Repetition 19...
Repetition 20...
Repetition 21...
Repetition 22...
Repetition 23...
Repetition 24...
Repetition 25...
Repetition 26...
Repetition 27...
Repetition 28...
Repetition 29...
Repetition 30...
Repetition 31...
Repetition 32...
Repetition 33...
Repetition 34...
Repetition 35...
Repetition 36...
Repetition 37...
Repetition 38...
Repetition 39...
Repetition 40...
Repetition 41...
Repetition 42...
Repetition 43...
Repetition 44...
Repetition 45...
Repetition 46...
Repetition 47...
Repetition 48...
Repetition 49...
Repetition 50...
Repetition 51...
Repetition 52...
Repetition 53...
Repetition 54...
Repetition 55...
Repetition 56...
Repetition 57...
Repetition 58...
Repetition 59...
Repetition 60...
Repetition 61...
Repetition 62...
Repetition 63...
Repetition 64...
Repetition 65...
Repetition 66...
Repetition 67...
Repetition 68...
Repetition 69...
Running file size comparison...
Repetition 0...
Repetition 1...
Repetition 2...
Repetition 3...
Repetition 4...
Repetition 5...
Repetition 6...
Repetition 7...
Repetition 8...
Repetition 9...
Repetition 10...
Repetition 11...
Repetition 12...
Repetition 13...
Repetition 14...
Repetition 15...
Repetition 16...
Repetition 17...
Repetition 18...
Repetition 19...
Repetition 20...
Repetition 21...
Repetition 22...
Repetition 23...
Repetition 24...
Repetition 25...
Repetition 26...
Repetition 27...
Repetition 28...
Repetition 29...
Repetition 30...
Repetition 31...
Repetition 32...
Repetition 33...
Repetition 34...
Repetition 35...
Repetition 36...
Repetition 37...
Repetition 38...
Repetition 39...
Repetition 40...
Repetition 41...
Repetition 42...
Repetition 43...
Repetition 44...
Repetition 45...
Repetition 46...
Repetition 47...
Repetition 48...
Repetition 49...
Repetition 50...
Repetition 51...
Repetition 52...
Repetition 53...
Repetition 54...
Repetition 55...
Repetition 56...
Repetition 57...
Repetition 58...
Repetition 59...
Repetition 60...
Repetition 61...
Repetition 62...
Repetition 63...
Repetition 64...
Repetition 65...
Repetition 66...
Repetition 67...
Repetition 68...
Repetition 69...
Experiment finished.
Experiment for sample_enwik8 finished.
Running experiment for sample_image-data...
Repeating measurement 70 times...
Using 7z as algorithm...
Using sample_image-data as input...
Creating temp dir...
Running compression...
Repetition 0...
Repetition 1...
Repetition 2...
Repetition 3...
Repetition 4...
Repetition 5...
Repetition 6...
Repetition 7...
Repetition 8...
Repetition 9...
Repetition 10...
Repetition 11...
Repetition 12...
Repetition 13...
Repetition 14...
Repetition 15...
Repetition 16...
Repetition 17...
Repetition 18...
Repetition 19...
Repetition 20...
Repetition 21...
Repetition 22...
Repetition 23...
Repetition 24...
Repetition 25...
Repetition 26...
Repetition 27...
Repetition 28...
Repetition 29...
Repetition 30...
Repetition 31...
Repetition 32...
Repetition 33...
Repetition 34...
Repetition 35...
Repetition 36...
Repetition 37...
Repetition 38...
Repetition 39...
Repetition 40...
Repetition 41...
Repetition 42...
Repetition 43...
Repetition 44...
Repetition 45...
Repetition 46...
Repetition 47...
Repetition 48...
Repetition 49...
Repetition 50...
Repetition 51...
Repetition 52...
Repetition 53...
Repetition 54...
Repetition 55...
Repetition 56...
Repetition 57...
Repetition 58...
Repetition 59...
Repetition 60...
Repetition 61...
Repetition 62...
Repetition 63...
Repetition 64...
Repetition 65...
Repetition 66...
Repetition 67...
Repetition 68...
Repetition 69...
Running decompression...
Repetition 0...
Repetition 1...
Repetition 2...
Repetition 3...
Repetition 4...
Repetition 5...
Repetition 6...
Repetition 7...
Repetition 8...
Repetition 9...
Repetition 10...
Repetition 11...
Repetition 12...
Repetition 13...
Repetition 14...
Repetition 15...
Repetition 16...
Repetition 17...
Repetition 18...
Repetition 19...
Repetition 20...
Repetition 21...
Repetition 22...
Repetition 23...
Repetition 24...
Repetition 25...
Repetition 26...
Repetition 27...
Repetition 28...
Repetition 29...
Repetition 30...
Repetition 31...
Repetition 32...
Repetition 33...
Repetition 34...
Repetition 35...
Repetition 36...
Repetition 37...
Repetition 38...
Repetition 39...
Repetition 40...
Repetition 41...
Repetition 42...
Repetition 43...
Repetition 44...
Repetition 45...
Repetition 46...
Repetition 47...
Repetition 48...
Repetition 49...
Repetition 50...
Repetition 51...
Repetition 52...
Repetition 53...
Repetition 54...
Repetition 55...
Repetition 56...
Repetition 57...
Repetition 58...
Repetition 59...
Repetition 60...
Repetition 61...
Repetition 62...
Repetition 63...
Repetition 64...
Repetition 65...
Repetition 66...
Repetition 67...
Repetition 68...
Repetition 69...
Running file size comparison...
Repetition 0...
Repetition 1...
Repetition 2...
Repetition 3...
Repetition 4...
Repetition 5...
Repetition 6...
Repetition 7...
Repetition 8...
Repetition 9...
Repetition 10...
Repetition 11...
Repetition 12...
Repetition 13...
Repetition 14...
Repetition 15...
Repetition 16...
Repetition 17...
Repetition 18...
Repetition 19...
Repetition 20...
Repetition 21...
Repetition 22...
Repetition 23...
Repetition 24...
Repetition 25...
Repetition 26...
Repetition 27...
Repetition 28...
Repetition 29...
Repetition 30...
Repetition 31...
Repetition 32...
Repetition 33...
Repetition 34...
Repetition 35...
Repetition 36...
Repetition 37...
Repetition 38...
Repetition 39...
Repetition 40...
Repetition 41...
Repetition 42...
Repetition 43...
Repetition 44...
Repetition 45...
Repetition 46...
Repetition 47...
Repetition 48...
Repetition 49...
Repetition 50...
Repetition 51...
Repetition 52...
Repetition 53...
Repetition 54...
Repetition 55...
Repetition 56...
Repetition 57...
Repetition 58...
Repetition 59...
Repetition 60...
Repetition 61...
Repetition 62...
Repetition 63...
Repetition 64...
Repetition 65...
Repetition 66...
Repetition 67...
Repetition 68...
Repetition 69...
Experiment finished.
Repeating measurement 70 times...
Using bzip2 as algorithm...
Using sample_image-data as input...
Creating temp dir...
Running compression...
Repetition 0...
Repetition 1...
Repetition 2...
Repetition 3...
Repetition 4...
Repetition 5...
Repetition 6...
Repetition 7...
Repetition 8...
Repetition 9...
Repetition 10...
Repetition 11...
Repetition 12...
Repetition 13...
Repetition 14...
Repetition 15...
Repetition 16...
Repetition 17...
Repetition 18...
Repetition 19...
Repetition 20...
Repetition 21...
Repetition 22...
Repetition 23...
Repetition 24...
Repetition 25...
Repetition 26...
Repetition 27...
Repetition 28...
Repetition 29...
Repetition 30...
Repetition 31...
Repetition 32...
Repetition 33...
Repetition 34...
Repetition 35...
Repetition 36...
Repetition 37...
Repetition 38...
Repetition 39...
Repetition 40...
Repetition 41...
Repetition 42...
Repetition 43...
Repetition 44...
Repetition 45...
Repetition 46...
Repetition 47...
Repetition 48...
Repetition 49...
Repetition 50...
Repetition 51...
Repetition 52...
Repetition 53...
Repetition 54...
Repetition 55...
Repetition 56...
Repetition 57...
Repetition 58...
Repetition 59...
Repetition 60...
Repetition 61...
Repetition 62...
Repetition 63...
Repetition 64...
Repetition 65...
Repetition 66...
Repetition 67...
Repetition 68...
Repetition 69...
Running decompression...
Repetition 0...
Repetition 1...
Repetition 2...
Repetition 3...
Repetition 4...
Repetition 5...
Repetition 6...
Repetition 7...
Repetition 8...
Repetition 9...
Repetition 10...
Repetition 11...
Repetition 12...
Repetition 13...
Repetition 14...
Repetition 15...
Repetition 16...
Repetition 17...
Repetition 18...
Repetition 19...
Repetition 20...
Repetition 21...
Repetition 22...
Repetition 23...
Repetition 24...
Repetition 25...
Repetition 26...
Repetition 27...
Repetition 28...
Repetition 29...
Repetition 30...
Repetition 31...
Repetition 32...
Repetition 33...
Repetition 34...
Repetition 35...
Repetition 36...
Repetition 37...
Repetition 38...
Repetition 39...
Repetition 40...
Repetition 41...
Repetition 42...
Repetition 43...
Repetition 44...
Repetition 45...
Repetition 46...
Repetition 47...
Repetition 48...
Repetition 49...
Repetition 50...
Repetition 51...
Repetition 52...
Repetition 53...
Repetition 54...
Repetition 55...
Repetition 56...
Repetition 57...
Repetition 58...
Repetition 59...
Repetition 60...
Repetition 61...
Repetition 62...
Repetition 63...
Repetition 64...
Repetition 65...
Repetition 66...
Repetition 67...
Repetition 68...
Repetition 69...
Running file size comparison...
Repetition 0...
Repetition 1...
Repetition 2...
Repetition 3...
Repetition 4...
Repetition 5...
Repetition 6...
Repetition 7...
Repetition 8...
Repetition 9...
Repetition 10...
Repetition 11...
Repetition 12...
Repetition 13...
Repetition 14...
Repetition 15...
Repetition 16...
Repetition 17...
Repetition 18...
Repetition 19...
Repetition 20...
Repetition 21...
Repetition 22...
Repetition 23...
Repetition 24...
Repetition 25...
Repetition 26...
Repetition 27...
Repetition 28...
Repetition 29...
Repetition 30...
Repetition 31...
Repetition 32...
Repetition 33...
Repetition 34...
Repetition 35...
Repetition 36...
Repetition 37...
Repetition 38...
Repetition 39...
Repetition 40...
Repetition 41...
Repetition 42...
Repetition 43...
Repetition 44...
Repetition 45...
Repetition 46...
Repetition 47...
Repetition 48...
Repetition 49...
Repetition 50...
Repetition 51...
Repetition 52...
Repetition 53...
Repetition 54...
Repetition 55...
Repetition 56...
Repetition 57...
Repetition 58...
Repetition 59...
Repetition 60...
Repetition 61...
Repetition 62...
Repetition 63...
Repetition 64...
Repetition 65...
Repetition 66...
Repetition 67...
Repetition 68...
Repetition 69...
Experiment finished.
Experiment for sample_image-data finished.
Running experiment for sample_music...
Repeating measurement 70 times...
Using 7z as algorithm...
Using sample_music as input...
Creating temp dir...
Running compression...
Repetition 0...
Repetition 1...
Repetition 2...
Repetition 3...
Repetition 4...
Repetition 5...
Repetition 6...
Repetition 7...
Repetition 8...
Repetition 9...
Repetition 10...
Repetition 11...
Repetition 12...
Repetition 13...
Repetition 14...
Repetition 15...
Repetition 16...
Repetition 17...
Repetition 18...
Repetition 19...
Repetition 20...
Repetition 21...
Repetition 22...
Repetition 23...
Repetition 24...
Repetition 25...
Repetition 26...
Repetition 27...
Repetition 28...
Repetition 29...
Repetition 30...
Repetition 31...
Repetition 32...
Repetition 33...
Repetition 34...
Repetition 35...
Repetition 36...
Repetition 37...
Repetition 38...
Repetition 39...
Repetition 40...
Repetition 41...
Repetition 42...
Repetition 43...
Repetition 44...
Repetition 45...
Repetition 46...
Repetition 47...
Repetition 48...
Repetition 49...
Repetition 50...
Repetition 51...
Repetition 52...
Repetition 53...
Repetition 54...
Repetition 55...
Repetition 56...
Repetition 57...
Repetition 58...
Repetition 59...
Repetition 60...
Repetition 61...
Repetition 62...
Repetition 63...
Repetition 64...
Repetition 65...
Repetition 66...
Repetition 67...
Repetition 68...
Repetition 69...
Running decompression...
Repetition 0...
Repetition 1...
Repetition 2...
Repetition 3...
Repetition 4...
Repetition 5...
Repetition 6...
Repetition 7...
Repetition 8...
Repetition 9...
Repetition 10...
Repetition 11...
Repetition 12...
Repetition 13...
Repetition 14...
Repetition 15...
Repetition 16...
Repetition 17...
Repetition 18...
Repetition 19...
Repetition 20...
Repetition 21...
Repetition 22...
Repetition 23...
Repetition 24...
Repetition 25...
Repetition 26...
Repetition 27...
Repetition 28...
Repetition 29...
Repetition 30...
Repetition 31...
Repetition 32...
Repetition 33...
Repetition 34...
Repetition 35...
Repetition 36...
Repetition 37...
Repetition 38...
Repetition 39...
Repetition 40...
Repetition 41...
Repetition 42...
Repetition 43...
Repetition 44...
Repetition 45...
Repetition 46...
Repetition 47...
Repetition 48...
Repetition 49...
Repetition 50...
Repetition 51...
Repetition 52...
Repetition 53...
Repetition 54...
Repetition 55...
Repetition 56...
Repetition 57...
Repetition 58...
Repetition 59...
Repetition 60...
Repetition 61...
Repetition 62...
Repetition 63...
Repetition 64...
Repetition 65...
Repetition 66...
Repetition 67...
Repetition 68...
Repetition 69...
Running file size comparison...
Repetition 0...
Repetition 1...
Repetition 2...
Repetition 3...
Repetition 4...
Repetition 5...
Repetition 6...
Repetition 7...
Repetition 8...
Repetition 9...
Repetition 10...
Repetition 11...
Repetition 12...
Repetition 13...
Repetition 14...
Repetition 15...
Repetition 16...
Repetition 17...
Repetition 18...
Repetition 19...
Repetition 20...
Repetition 21...
Repetition 22...
Repetition 23...
Repetition 24...
Repetition 25...
Repetition 26...
Repetition 27...
Repetition 28...
Repetition 29...
Repetition 30...
Repetition 31...
Repetition 32...
Repetition 33...
Repetition 34...
Repetition 35...
Repetition 36...
Repetition 37...
Repetition 38...
Repetition 39...
Repetition 40...
Repetition 41...
Repetition 42...
Repetition 43...
Repetition 44...
Repetition 45...
Repetition 46...
Repetition 47...
Repetition 48...
Repetition 49...
Repetition 50...
Repetition 51...
Repetition 52...
Repetition 53...
Repetition 54...
Repetition 55...
Repetition 56...
Repetition 57...
Repetition 58...
Repetition 59...
Repetition 60...
Repetition 61...
Repetition 62...
Repetition 63...
Repetition 64...
Repetition 65...
Repetition 66...
Repetition 67...
Repetition 68...
Repetition 69...
Experiment finished.
Repeating measurement 70 times...
Using bzip2 as algorithm...
Using sample_music as input...
Creating temp dir...
Running compression...
Repetition 0...
Repetition 1...
Repetition 2...
Repetition 3...
Repetition 4...
Repetition 5...
Repetition 6...
Repetition 7...
Repetition 8...
Repetition 9...
Repetition 10...
Repetition 11...
Repetition 12...
Repetition 13...
Repetition 14...
Repetition 15...
Repetition 16...
Repetition 17...
Repetition 18...
Repetition 19...
Repetition 20...
Repetition 21...
Repetition 22...
Repetition 23...
Repetition 24...
Repetition 25...
Repetition 26...
Repetition 27...
Repetition 28...
Repetition 29...
Repetition 30...
Repetition 31...
Repetition 32...
Repetition 33...
Repetition 34...
Repetition 35...
Repetition 36...
Repetition 37...
Repetition 38...
Repetition 39...
Repetition 40...
Repetition 41...
Repetition 42...
Repetition 43...
Repetition 44...
Repetition 45...
Repetition 46...
Repetition 47...
Repetition 48...
Repetition 49...
Repetition 50...
Repetition 51...
Repetition 52...
Repetition 53...
Repetition 54...
Repetition 55...
Repetition 56...
Repetition 57...
Repetition 58...
Repetition 59...
Repetition 60...
Repetition 61...
Repetition 62...
Repetition 63...
Repetition 64...
Repetition 65...
Repetition 66...
Repetition 67...
Repetition 68...
Repetition 69...
Running decompression...
Repetition 0...
Repetition 1...
Repetition 2...
Repetition 3...
Repetition 4...
Repetition 5...
Repetition 6...
Repetition 7...
Repetition 8...
Repetition 9...
Repetition 10...
Repetition 11...
Repetition 12...
Repetition 13...
Repetition 14...
Repetition 15...
Repetition 16...
Repetition 17...
Repetition 18...
Repetition 19...
Repetition 20...
Repetition 21...
Repetition 22...
Repetition 23...
Repetition 24...
Repetition 25...
Repetition 26...
Repetition 27...
Repetition 28...
Repetition 29...
Repetition 30...
Repetition 31...
Repetition 32...
Repetition 33...
Repetition 34...
Repetition 35...
Repetition 36...
Repetition 37...
Repetition 38...
Repetition 39...
Repetition 40...
Repetition 41...
Repetition 42...
Repetition 43...
Repetition 44...
Repetition 45...
Repetition 46...
Repetition 47...
Repetition 48...
Repetition 49...
Repetition 50...
Repetition 51...
Repetition 52...
Repetition 53...
Repetition 54...
Repetition 55...
Repetition 56...
Repetition 57...
Repetition 58...
Repetition 59...
Repetition 60...
Repetition 61...
Repetition 62...
Repetition 63...
Repetition 64...
Repetition 65...
Repetition 66...
Repetition 67...
Repetition 68...
Repetition 69...
Running file size comparison...
Repetition 0...
Repetition 1...
Repetition 2...
Repetition 3...
Repetition 4...
Repetition 5...
Repetition 6...
Repetition 7...
Repetition 8...
Repetition 9...
Repetition 10...
Repetition 11...
Repetition 12...
Repetition 13...
Repetition 14...
Repetition 15...
Repetition 16...
Repetition 17...
Repetition 18...
Repetition 19...
Repetition 20...
Repetition 21...
Repetition 22...
Repetition 23...
Repetition 24...
Repetition 25...
Repetition 26...
Repetition 27...
Repetition 28...
Repetition 29...
Repetition 30...
Repetition 31...
Repetition 32...
Repetition 33...
Repetition 34...
Repetition 35...
Repetition 36...
Repetition 37...
Repetition 38...
Repetition 39...
Repetition 40...
Repetition 41...
Repetition 42...
Repetition 43...
Repetition 44...
Repetition 45...
Repetition 46...
Repetition 47...
Repetition 48...
Repetition 49...
Repetition 50...
Repetition 51...
Repetition 52...
Repetition 53...
Repetition 54...
Repetition 55...
Repetition 56...
Repetition 57...
Repetition 58...
Repetition 59...
Repetition 60...
Repetition 61...
Repetition 62...
Repetition 63...
Repetition 64...
Repetition 65...
Repetition 66...
Repetition 67...
Repetition 68...
Repetition 69...
Experiment finished.
Experiment for sample_music finished.
Running experiment for sample_vid.mp4...
Repeating measurement 70 times...
Using 7z as algorithm...
Using sample_vid.mp4 as input...
Creating temp dir...
Running compression...
Repetition 0...
Repetition 1...
Repetition 2...
Repetition 3...
Repetition 4...
Repetition 5...
Repetition 6...
Repetition 7...
Repetition 8...
Repetition 9...
Repetition 10...
Repetition 11...
Repetition 12...
Repetition 13...
Repetition 14...
Repetition 15...
Repetition 16...
Repetition 17...
Repetition 18...
Repetition 19...
Repetition 20...
Repetition 21...
Repetition 22...
Repetition 23...
Repetition 24...
Repetition 25...
Repetition 26...
Repetition 27...
Repetition 28...
Repetition 29...
Repetition 30...
Repetition 31...
Repetition 32...
Repetition 33...
Repetition 34...
Repetition 35...
Repetition 36...
Repetition 37...
Repetition 38...
Repetition 39...
Repetition 40...
Repetition 41...
Repetition 42...
Repetition 43...
Repetition 44...
Repetition 45...
Repetition 46...
Repetition 47...
Repetition 48...
Repetition 49...
Repetition 50...
Repetition 51...
Repetition 52...
Repetition 53...
Repetition 54...
Repetition 55...
Repetition 56...
Repetition 57...
Repetition 58...
Repetition 59...
Repetition 60...
Repetition 61...
Repetition 62...
Repetition 63...
Repetition 64...
Repetition 65...
Repetition 66...
Repetition 67...
Repetition 68...
Repetition 69...
Running decompression...
Repetition 0...
Repetition 1...
Repetition 2...
Repetition 3...
Repetition 4...
Repetition 5...
Repetition 6...
Repetition 7...
Repetition 8...
Repetition 9...
Repetition 10...
Repetition 11...
Repetition 12...
Repetition 13...
Repetition 14...
Repetition 15...
Repetition 16...
Repetition 17...
Repetition 18...
Repetition 19...
Repetition 20...
Repetition 21...
Repetition 22...
Repetition 23...
Repetition 24...
Repetition 25...
Repetition 26...
Repetition 27...
Repetition 28...
Repetition 29...
Repetition 30...
Repetition 31...
Repetition 32...
Repetition 33...
Repetition 34...
Repetition 35...
Repetition 36...
Repetition 37...
Repetition 38...
Repetition 39...
Repetition 40...
Repetition 41...
Repetition 42...
Repetition 43...
Repetition 44...
Repetition 45...
Repetition 46...
Repetition 47...
Repetition 48...
Repetition 49...
Repetition 50...
Repetition 51...
Repetition 52...
Repetition 53...
Repetition 54...
Repetition 55...
Repetition 56...
Repetition 57...
Repetition 58...
Repetition 59...
Repetition 60...
Repetition 61...
Repetition 62...
Repetition 63...
Repetition 64...
Repetition 65...
Repetition 66...
Repetition 67...
Repetition 68...
Repetition 69...
Running file size comparison...
Repetition 0...
Repetition 1...
Repetition 2...
Repetition 3...
Repetition 4...
Repetition 5...
Repetition 6...
Repetition 7...
Repetition 8...
Repetition 9...
Repetition 10...
Repetition 11...
Repetition 12...
Repetition 13...
Repetition 14...
Repetition 15...
Repetition 16...
Repetition 17...
Repetition 18...
Repetition 19...
Repetition 20...
Repetition 21...
Repetition 22...
Repetition 23...
Repetition 24...
Repetition 25...
Repetition 26...
Repetition 27...
Repetition 28...
Repetition 29...
Repetition 30...
Repetition 31...
Repetition 32...
Repetition 33...
Repetition 34...
Repetition 35...
Repetition 36...
Repetition 37...
Repetition 38...
Repetition 39...
Repetition 40...
Repetition 41...
Repetition 42...
Repetition 43...
Repetition 44...
Repetition 45...
Repetition 46...
Repetition 47...
Repetition 48...
Repetition 49...
Repetition 50...
Repetition 51...
Repetition 52...
Repetition 53...
Repetition 54...
Repetition 55...
Repetition 56...
Repetition 57...
Repetition 58...
Repetition 59...
Repetition 60...
Repetition 61...
Repetition 62...
Repetition 63...
Repetition 64...
Repetition 65...
Repetition 66...
Repetition 67...
Repetition 68...
Repetition 69...
Experiment finished.
Repeating measurement 70 times...
Using bzip2 as algorithm...
Using sample_vid.mp4 as input...
Creating temp dir...
Running compression...
Repetition 0...
Repetition 1...
Repetition 2...
Repetition 3...
Repetition 4...
Repetition 5...
Repetition 6...
Repetition 7...
Repetition 8...
Repetition 9...
Repetition 10...
Repetition 11...
Repetition 12...
Repetition 13...
Repetition 14...
Repetition 15...
Repetition 16...
Repetition 17...
Repetition 18...
Repetition 19...
Repetition 20...
Repetition 21...
Repetition 22...
Repetition 23...
Repetition 24...
Repetition 25...
Repetition 26...
Repetition 27...
Repetition 28...
Repetition 29...
Repetition 30...
Repetition 31...
Repetition 32...
Repetition 33...
Repetition 34...
Repetition 35...
Repetition 36...
Repetition 37...
Repetition 38...
Repetition 39...
Repetition 40...
Repetition 41...
Repetition 42...
Repetition 43...
Repetition 44...
Repetition 45...
Repetition 46...
Repetition 47...
Repetition 48...
Repetition 49...
Repetition 50...
Repetition 51...
Repetition 52...
Repetition 53...
Repetition 54...
Repetition 55...
Repetition 56...
Repetition 57...
Repetition 58...
Repetition 59...
Repetition 60...
Repetition 61...
Repetition 62...
Repetition 63...
Repetition 64...
Repetition 65...
Repetition 66...
Repetition 67...
Repetition 68...
Repetition 69...
Running decompression...
Repetition 0...
Repetition 1...
Repetition 2...
Repetition 3...
Repetition 4...
Repetition 5...
Repetition 6...
Repetition 7...
Repetition 8...
Repetition 9...
Repetition 10...
Repetition 11...
Repetition 12...
Repetition 13...
Repetition 14...
Repetition 15...
Repetition 16...
Repetition 17...
Repetition 18...
Repetition 19...
Repetition 20...
Repetition 21...
Repetition 22...
Repetition 23...
Repetition 24...
Repetition 25...
Repetition 26...
Repetition 27...
Repetition 28...
Repetition 29...
Repetition 30...
Repetition 31...
Repetition 32...
Repetition 33...
Repetition 34...
Repetition 35...
Repetition 36...
Repetition 37...
Repetition 38...
Repetition 39...
Repetition 40...
Repetition 41...
Repetition 42...
Repetition 43...
Repetition 44...
Repetition 45...
Repetition 46...
Repetition 47...
Repetition 48...
Repetition 49...
Repetition 50...
Repetition 51...
Repetition 52...
Repetition 53...
Repetition 54...
Repetition 55...
Repetition 56...
Repetition 57...
Repetition 58...
Repetition 59...
Repetition 60...
Repetition 61...
Repetition 62...
Repetition 63...
Repetition 64...
Repetition 65...
Repetition 66...
Repetition 67...
Repetition 68...
Repetition 69...
Running file size comparison...
Repetition 0...
Repetition 1...
Repetition 2...
Repetition 3...
Repetition 4...
Repetition 5...
Repetition 6...
Repetition 7...
Repetition 8...
Repetition 9...
Repetition 10...
Repetition 11...
Repetition 12...
Repetition 13...
Repetition 14...
Repetition 15...
Repetition 16...
Repetition 17...
Repetition 18...
Repetition 19...
Repetition 20...
Repetition 21...
Repetition 22...
Repetition 23...
Repetition 24...
Repetition 25...
Repetition 26...
Repetition 27...
Repetition 28...
Repetition 29...
Repetition 30...
Repetition 31...
Repetition 32...
Repetition 33...
Repetition 34...
Repetition 35...
Repetition 36...
Repetition 37...
Repetition 38...
Repetition 39...
Repetition 40...
Repetition 41...
Repetition 42...
Repetition 43...
Repetition 44...
Repetition 45...
Repetition 46...
Repetition 47...
Repetition 48...
Repetition 49...
Repetition 50...
Repetition 51...
Repetition 52...
Repetition 53...
Repetition 54...
Repetition 55...
Repetition 56...
Repetition 57...
Repetition 58...
Repetition 59...
Repetition 60...
Repetition 61...
Repetition 62...
Repetition 63...
Repetition 64...
Repetition 65...
Repetition 66...
Repetition 67...
Repetition 68...
Repetition 69...
Experiment finished.
Experiment for sample_vid.mp4 finished.
All exeriments finished.
(base) mario@NBM-LNX:~/1_study/repository/2020_s_fm_7zip-bzip2$ 
